<?xml version="1.0" encoding="UTF-8"?>
<!-- Generated by org.testng.reporters.JUnitXMLReporter -->
<testsuite ignored="2" hostname="DESKTOP-2D9ASLF" failures="1" tests="3" name="Test" time="9.968" errors="0" timestamp="2022-12-04T23:32:57 IST">
  <testcase classname="tests.Logintest" name="Login" time="5.336"/>
  <testcase classname="tests.HomeTest" name="VerifyTitle" time="0.251">
    <failure type="java.lang.AssertionError" message="Title does not matched expected [HRM] but found [OrangeHRM]">
      <![CDATA[java.lang.AssertionError: Title does not matched expected [HRM] but found [OrangeHRM]
at tests.HomeTest.VerifyTitle(HomeTest.java:47)
at java.base/java.util.ArrayList.forEach(ArrayList.java:1511)
... Removed 32 stack frames]]>
    </failure>
  </testcase> <!-- VerifyTitle -->
  <testcase classname="tests.HomeTest" name="Logout" time="2.137"/>
  <testcase classname="tests.BaseTest" name="@AfterSuite teardown" time="0.0">
    <ignored/>
  </testcase> <!-- @AfterSuite teardown -->
  <testcase classname="tests.BaseTest" name="@BeforeSuite lauchbrowser" time="0.0">
    <ignored/>
  </testcase> <!-- @BeforeSuite lauchbrowser -->
</testsuite> <!-- Test -->
